<?xml version="1.0" encoding="UTF-8"?>
<!-- Generated by org.testng.reporters.JUnitReportReporter -->
<testsuite skipped="0" hostname="BZ01ZF201325BL" name="testpages.ValidHomePage" tests="1" failures="0" timestamp="28 Jul 2018 20:14:07 GMT" time="10.620" errors="0">
  <testcase name="testHomePage" time="10.620" classname="testpages.ValidHomePage"/>
</testsuite> <!-- testpages.ValidHomePage -->
