<?xml version="1.0" encoding="UTF-8"?>
<!-- Generated by org.testng.reporters.JUnitReportReporter -->
<testsuite skipped="0" hostname="BZ01ZF201325BL" name="practice.Testgmail" tests="1" failures="0" timestamp="27 Jul 2018 23:32:27 GMT" time="4.521" errors="0">
  <testcase name="Test1" time="4.521" classname="practice.Testgmail"/>
</testsuite> <!-- practice.Testgmail -->
